Change Component DesignItemId : Designator=P1 Old DesignItemId=Header 2H New DesignItemId=Header 2
Change Component DesignItemId : Designator=P3 Old DesignItemId=Header 2H New DesignItemId=Header 2
Change Component DesignItemId : Designator=P2 Old DesignItemId=Header 4H New DesignItemId=Header 4
Change Component Footprint: Designator=P1 Old Footprint=HDR1X2H New Footprint=HDR1X2
Change Component Footprint: Designator=P3 Old Footprint=HDR1X2H New Footprint=HDR1X2
Change Component Footprint: Designator=P2 Old Footprint=HDR1X4H New Footprint=HDR1X4
Change Component Comment : Designator=P3 Old Comment=Header 2H New Comment=BOOT0
Change Component Description : Designator=P1 Old Description=Header, 2-Pin, Right Angle New Description=Header, 2-Pin
Change Component Description : Designator=P3 Old Description=Header, 2-Pin, Right Angle New Description=Header, 2-Pin
Change Component Description : Designator=P2 Old Description=Header, 4-Pin, Right Angle New Description=Header, 4-Pin
Added Member To Class: ClassName=control Member=Component C13 Cap Semi
Added Member To Class: ClassName=control Member=Component C14 Cap Semi
Added Member To Class: ClassName=control Member=Component C15 Cap Semi
Added Member To Class: ClassName=control Member=Component C16 Cap Semi
Added Member To Class: ClassName=control Member=Component C17 Cap Semi
Added Member To Class: ClassName=control Member=Component C18 Cap Semi
Added Member To Class: ClassName=control Member=Component P2 Debug
Added Member To Class: ClassName=control Member=Component R13 Res3
Added Member To Class: ClassName=control Member=Component R14 Res3
Added Member To Class: ClassName=control Member=Component R15 Res3
Added Member To Class: ClassName=control Member=Component R16 Res3
Added Member To Class: ClassName=control Member=Component R18 Res3
Added Member To Class: ClassName=control Member=Component R19 Res3
Added Member To Class: ClassName=control Member=Component R20 Res3
Added Member To Class: ClassName=control Member=Component R21 Res3
Added Member To Class: ClassName=control Member=Component R22 Res3
Added Member To Class: ClassName=control Member=Component U5 STM32F103C8T6
Added Member To Class: ClassName=control Member=Component X1 ABLS-8.000MHZ-B4-T
