Removed Pin From Net: NetName=virtZero Pin=U5-14
Added Component: Designator=R21(14-1210)
Add component (AddParameter): Name = "LatestRevisionDate"; Value = "29-May-2009"; VariantName = "[No Variations]"
Add component (AddParameter): Name = "LatestRevisionNote"; Value = "IPC-7351 Footprint Added."; VariantName = "[No Variations]"
Add component (AddParameter): Name = "PackageDescription"; Value = "Chip Resistor"; VariantName = "[No Variations]"
Add component (AddParameter): Name = "PackageReference"; Value = "J1-0603"; VariantName = "[No Variations]"
Add component (AddParameter): Name = "Published"; Value = "8-Jun-2000"; VariantName = "[No Variations]"
Add component (AddParameter): Name = "Publisher"; Value = "Altium Limited"; VariantName = "[No Variations]"
Add component (AddParameter): Name = "Value"; Value = "50K"; VariantName = "[No Variations]"
Added Component: Designator=R22(14-1210)
Add component (AddParameter): Name = "LatestRevisionDate"; Value = "29-May-2009"; VariantName = "[No Variations]"
Add component (AddParameter): Name = "LatestRevisionNote"; Value = "IPC-7351 Footprint Added."; VariantName = "[No Variations]"
Add component (AddParameter): Name = "PackageDescription"; Value = "Chip Resistor"; VariantName = "[No Variations]"
Add component (AddParameter): Name = "PackageReference"; Value = "J1-0603"; VariantName = "[No Variations]"
Add component (AddParameter): Name = "Published"; Value = "8-Jun-2000"; VariantName = "[No Variations]"
Add component (AddParameter): Name = "Publisher"; Value = "Altium Limited"; VariantName = "[No Variations]"
Add component (AddParameter): Name = "Value"; Value = "50K"; VariantName = "[No Variations]"
Added Pin To Net: NetName=Vpp Pin=R21-2
Added Pin To Net: NetName=GND Pin=R22-1
Added Pin To Net: NetName=virtZero Pin=U5-15
Added Pin To Net: NetName=divbatVolt Pin=R21-1
Added Pin To Net: NetName=divbatVolt Pin=R22-2
Added Pin To Net: NetName=divbatVolt Pin=U5-14
Added Net: Name=divbatVolt
Added Member To Class: ClassName=control Member=Component C13 Cap Semi
Added Member To Class: ClassName=control Member=Component C14 Cap Semi
Added Member To Class: ClassName=control Member=Component C15 Cap Semi
Added Member To Class: ClassName=control Member=Component C16 Cap Semi
Added Member To Class: ClassName=control Member=Component R13 Res3
Added Member To Class: ClassName=control Member=Component R14 Res3
Added Member To Class: ClassName=control Member=Component R15 Res3
Added Member To Class: ClassName=control Member=Component R16 Res3
Added Member To Class: ClassName=control Member=Component R18 Res3
Added Member To Class: ClassName=control Member=Component R19 Res3
Added Member To Class: ClassName=control Member=Component R20 Res3
Added Member To Class: ClassName=control Member=Component R21 Res3
Added Member To Class: ClassName=control Member=Component R22 Res3
