Added Component: Designator=U5(QFP50P900X900X160-48N)
Add component (AddParameter): Name = "Availability"; Value = "Unavailable"; VariantName = "[No Variations]"
Add component (AddParameter): Name = "MF"; Value = "STMicroelectronics"; VariantName = "[No Variations]"
Add component (AddParameter): Name = "MP"; Value = "STM32F103C8T6"; VariantName = "[No Variations]"
Add component (AddParameter): Name = "Package"; Value = "LQFP-48 STMicroelectronics"; VariantName = "[No Variations]"
Add component (AddParameter): Name = "Price"; Value = "None"; VariantName = "[No Variations]"
Add component (AddParameter): Name = "SnapEDA_Link"; Value = "https://www.snapeda.com/parts/STM32F103C8T6/STMicroelectronics/view-part/52195/?ref=snap"; VariantName = "[No Variations]"
Add component (AddParameter): Name = "Value"; Value = ""; VariantName = "[No Variations]"
Added Pin To Net: NetName=NetC8_2 Pin=U5-5
Added Pin To Net: NetName=NetC7_2 Pin=U5-6
Added Pin To Net: NetName=NetC17_2 Pin=U5-7
Added Pin To Net: NetName=GND Pin=U5-8
Added Pin To Net: NetName=V3.3 Pin=U5-9
Added Pin To Net: NetName=NetC10_1 Pin=U5-10
Added Pin To Net: NetName=NetC9_1 Pin=U5-11
Added Pin To Net: NetName=NetC12_1 Pin=U5-12
Added Pin To Net: NetName=NetC11_1 Pin=U5-13
Added Pin To Net: NetName=Light Pin=U5-18
Added Pin To Net: NetName=DC Pin=U5-19
Added Pin To Net: NetName=dispRES Pin=U5-20
Added Pin To Net: NetName=GND Pin=U5-23
Added Pin To Net: NetName=V3.3 Pin=U5-24
Added Pin To Net: NetName=NetC18_2 Pin=U5-30
Added Pin To Net: NetName=NetSW2_3 Pin=U5-31
Added Pin To Net: NetName=NetSW3_3 Pin=U5-32
Added Pin To Net: NetName=NetC19_2 Pin=U5-33
Added Pin To Net: NetName=SWDIO Pin=U5-34
Added Pin To Net: NetName=GND Pin=U5-35
Added Pin To Net: NetName=V3.3 Pin=U5-36
Added Pin To Net: NetName=SWDCLK Pin=U5-37
Added Pin To Net: NetName=NetC21_2 Pin=U5-38
Added Pin To Net: NetName=CLK Pin=U5-39
Added Pin To Net: NetName=CE Pin=U5-40
Added Pin To Net: NetName=DIN Pin=U5-41
Added Pin To Net: NetName=NetR13_1 Pin=U5-42
Added Pin To Net: NetName=NetR14_1 Pin=U5-43
Added Pin To Net: NetName=NetP3_1 Pin=U5-44
Added Pin To Net: NetName=NetR15_1 Pin=U5-45
Added Pin To Net: NetName=NetR16_1 Pin=U5-46
Added Pin To Net: NetName=GND Pin=U5-47
Added Pin To Net: NetName=V3.3 Pin=U5-48
Added Member To Class: ClassName=schematic Member=Component U5 STM32F103C8T6
