Removed Pin From Net: NetName=GND Pin=C13-1
Removed Pin From Net: NetName=GND Pin=C14-1
Removed Pin From Net: NetName=GND Pin=C15-1
Removed Pin From Net: NetName=GND Pin=C16-1
Removed Member From Class: ClassName=control Member=C13
Removed Member From Class: ClassName=control Member=C14
Removed Member From Class: ClassName=control Member=C15
Removed Member From Class: ClassName=control Member=C16
Removed Member From Class: ClassName=control Member=L1
Removed Member From Class: ClassName=control Member=L2
Removed Member From Class: ClassName=control Member=L3
Removed Member From Class: ClassName=control Member=L4
Removed Member From Class: ClassName=control Member=R13
Removed Member From Class: ClassName=control Member=R14
Removed Member From Class: ClassName=control Member=R15
Removed Member From Class: ClassName=control Member=R16
Added Pin To Net: NetName=GND Pin=R17-1
Added Pin To Net: NetName=GND Pin=R18-1
Added Pin To Net: NetName=GND Pin=R19-1
Added Pin To Net: NetName=GND Pin=R20-2
