Removed Pin From Net: NetName=GND Pin=C13-1
Removed Pin From Net: NetName=GND Pin=C14-1
Removed Pin From Net: NetName=GND Pin=C15-1
Removed Pin From Net: NetName=GND Pin=C16-1
Change Component Designator: OldDesignator=C17 NewDesignator=C13
Change Component Designator: OldDesignator=C18 NewDesignator=C14
Change Component Designator: OldDesignator=C19 NewDesignator=C15
Change Component Designator: OldDesignator=C20 NewDesignator=C16
Change Component Designator: OldDesignator=C21 NewDesignator=C17
Change Component Designator: OldDesignator=C22 NewDesignator=C18
Change Component Designator: OldDesignator=R17 NewDesignator=R13
Change Component Designator: OldDesignator=R18 NewDesignator=R14
Change Component Designator: OldDesignator=R19 NewDesignator=R15
Change Component Designator: OldDesignator=R20 NewDesignator=R16
Change Component Designator: OldDesignator=R21 NewDesignator=R17
Change Component Designator: OldDesignator=R22 NewDesignator=R18
Added Component: Designator=R19(14-1210)
Add component (AddParameter): Name = "LatestRevisionDate"; Value = "29-May-2009"; VariantName = "[No Variations]"
Add component (AddParameter): Name = "LatestRevisionNote"; Value = "IPC-7351 Footprint Added."; VariantName = "[No Variations]"
Add component (AddParameter): Name = "PackageDescription"; Value = "Chip Resistor"; VariantName = "[No Variations]"
Add component (AddParameter): Name = "PackageReference"; Value = "J1-0603"; VariantName = "[No Variations]"
Add component (AddParameter): Name = "Published"; Value = "8-Jun-2000"; VariantName = "[No Variations]"
Add component (AddParameter): Name = "Publisher"; Value = "Altium Limited"; VariantName = "[No Variations]"
Add component (AddParameter): Name = "Value"; Value = "10k"; VariantName = "[No Variations]"
Added Component: Designator=R20(14-1210)
Add component (AddParameter): Name = "LatestRevisionDate"; Value = "29-May-2009"; VariantName = "[No Variations]"
Add component (AddParameter): Name = "LatestRevisionNote"; Value = "IPC-7351 Footprint Added."; VariantName = "[No Variations]"
Add component (AddParameter): Name = "PackageDescription"; Value = "Chip Resistor"; VariantName = "[No Variations]"
Add component (AddParameter): Name = "PackageReference"; Value = "J1-0603"; VariantName = "[No Variations]"
Add component (AddParameter): Name = "Published"; Value = "8-Jun-2000"; VariantName = "[No Variations]"
Add component (AddParameter): Name = "Publisher"; Value = "Altium Limited"; VariantName = "[No Variations]"
Add component (AddParameter): Name = "Value"; Value = "10k"; VariantName = "[No Variations]"
Added Component: Designator=U6(SOT95P280X145-5N)
Add component (AddParameter): Name = "Arrow_Electronics-Purchase-URL"; Value = "https://snapeda.com/shop?store=Arrow+Electronics&id=16808"; VariantName = "[No Variations]"
Add component (AddParameter): Name = "Availability"; Value = "Good"; VariantName = "[No Variations]"
Add component (AddParameter): Name = "Check_prices"; Value = "https://www.snapeda.com/parts/LMV321M5/NOPB/Texas%20Instruments/view-part/16808/?ref=eda"; VariantName = "[No Variations]"
Add component (AddParameter): Name = "DigiKey-Purchase-URL"; Value = "https://snapeda.com/shop?store=DigiKey&id=16808"; VariantName = "[No Variations]"
Add component (AddParameter): Name = "MF"; Value = "Texas Instruments"; VariantName = "[No Variations]"
Add component (AddParameter): Name = "Mouser-Purchase-URL"; Value = "https://snapeda.com/shop?store=Mouser&id=16808"; VariantName = "[No Variations]"
Add component (AddParameter): Name = "MP"; Value = "LMV321M5/NOPB"; VariantName = "[No Variations]"
Add component (AddParameter): Name = "Package"; Value = "SOT-23-5 Texas Instruments"; VariantName = "[No Variations]"
Add component (AddParameter): Name = "Price"; Value = "None"; VariantName = "[No Variations]"
Add component (AddParameter): Name = "SnapEDA_Link"; Value = "https://www.snapeda.com/parts/LMV321M5/NOPB/Texas%20Instruments/view-part/16808/?ref=snap"; VariantName = "[No Variations]"
Add component (AddParameter): Name = "Texas_Instruments-Purchase-URL"; Value = "https://snapeda.com/shop?store=Texas+Instruments&id=16808"; VariantName = "[No Variations]"
Add component (AddParameter): Name = "Value"; Value = ""; VariantName = "[No Variations]"
Added Pin To Net: NetName=GND Pin=R20-1
Added Pin To Net: NetName=GND Pin=U6-2
Change Net Name : Old Net Name=NetC17_2 New Net Name=NetC13_2
Change Net Name : Old Net Name=NetC18_2 New Net Name=NetC14_2
Change Net Name : Old Net Name=NetC19_2 New Net Name=NetC15_2
Change Net Name : Old Net Name=NetC20_2 New Net Name=NetC16_2
Change Net Name : Old Net Name=NetC21_2 New Net Name=NetC17_2
Change Net Name : Old Net Name=NetC22_2 New Net Name=NetC18_2
Added Pin To Net: NetName=NetR19_1 Pin=R19-1
Added Pin To Net: NetName=NetR19_1 Pin=R20-2
Added Pin To Net: NetName=NetR19_1 Pin=U6-1
Added Net: Name=NetR19_1
Added Pin To Net: NetName=NetR19_2 Pin=R19-2
Added Pin To Net: NetName=NetR19_2 Pin=U5-42
Added Pin To Net: NetName=NetR19_2 Pin=U6-5
Added Net: Name=NetR19_2
Added Pin To Net: NetName=virtZero Pin=R13-1
Added Pin To Net: NetName=virtZero Pin=R14-1
Added Pin To Net: NetName=virtZero Pin=R15-1
Added Pin To Net: NetName=virtZero Pin=R16-2
Added Pin To Net: NetName=virtZero Pin=U5-14
Added Pin To Net: NetName=virtZero Pin=U6-3
Added Pin To Net: NetName=virtZero Pin=U6-4
Added Net: Name=virtZero
Added Member To Class: ClassName=control Member=Component R19 Res3
Added Member To Class: ClassName=control Member=Component R20 Res3
Added Member To Class: ClassName=control Member=Component U6 LMV321M5
