Added Pin To Net: NetName=GND Pin=C1-1
Added Pin To Net: NetName=Vpp Pin=C1-2
Added Pin To Net: NetName=GND Pin=C2-1
Added Pin To Net: NetName=V3.3 Pin=C2-2
Added Pin To Net: NetName=GND Pin=C3-1
Added Pin To Net: NetName=V3.3 Pin=C3-2
Added Pin To Net: NetName=GND Pin=C4-1
Added Pin To Net: NetName=V3.3 Pin=C4-2
Added Pin To Net: NetName=GND Pin=C5-1
Added Pin To Net: NetName=V3.3 Pin=C5-2
Added Pin To Net: NetName=GND Pin=C6-1
Added Pin To Net: NetName=V3.3 Pin=C6-2
Added Pin To Net: NetName=GND Pin=C7-1
Added Pin To Net: NetName=NetC7_2 Pin=C7-2
Added Pin To Net: NetName=GND Pin=C8-1
Added Pin To Net: NetName=NetC8_2 Pin=C8-2
Added Pin To Net: NetName=NetC9_1 Pin=C9-1
Added Pin To Net: NetName=NetC9_2 Pin=C9-2
Added Pin To Net: NetName=NetC10_1 Pin=C10-1
Added Pin To Net: NetName=NetC10_2 Pin=C10-2
Added Pin To Net: NetName=NetC11_1 Pin=C11-1
Added Pin To Net: NetName=NetC11_2 Pin=C11-2
Added Pin To Net: NetName=NetC12_1 Pin=C12-1
Added Pin To Net: NetName=NetC12_2 Pin=C12-2
Added Pin To Net: NetName=GND Pin=C13-1
Added Pin To Net: NetName=zeroReg1 Pin=C13-2
Added Pin To Net: NetName=GND Pin=C14-1
Added Pin To Net: NetName=zeroReg2 Pin=C14-2
Added Pin To Net: NetName=GND Pin=C15-1
Added Pin To Net: NetName=zeroReg3 Pin=C15-2
Added Pin To Net: NetName=GND Pin=C16-1
Added Pin To Net: NetName=zeroReg4 Pin=C16-2
Added Pin To Net: NetName=GND Pin=C17-1
Added Pin To Net: NetName=NetC17_2 Pin=C17-2
Added Pin To Net: NetName=GND Pin=C18-1
Added Pin To Net: NetName=NetC18_2 Pin=C18-2
Added Pin To Net: NetName=GND Pin=C19-1
Added Pin To Net: NetName=NetC19_2 Pin=C19-2
Added Pin To Net: NetName=GND Pin=C20-1
Added Pin To Net: NetName=NetC19_2 Pin=C20-2
Added Pin To Net: NetName=GND Pin=C21-1
Added Pin To Net: NetName=NetC21_2 Pin=C21-2
Added Pin To Net: NetName=NetJ1_1 Pin=J1-1
Added Pin To Net: NetName=GND Pin=J1-2
Added Pin To Net: NetName=V3.3 Pin=J2-2
Added Pin To Net: NetName=NetJ3_1 Pin=J3-1
Added Pin To Net: NetName=GND Pin=J3-2
Added Pin To Net: NetName=V3.3 Pin=J4-2
Added Pin To Net: NetName=NetJ5_1 Pin=J5-1
Added Pin To Net: NetName=GND Pin=J5-2
Added Pin To Net: NetName=V3.3 Pin=J6-2
Added Pin To Net: NetName=NetJ7_1 Pin=J7-1
Added Pin To Net: NetName=GND Pin=J7-2
Added Pin To Net: NetName=V3.3 Pin=J8-2
Added Pin To Net: NetName=NetL1_1 Pin=L1-1
Added Pin To Net: NetName=zeroReg1 Pin=L1-2
Added Pin To Net: NetName=NetL2_1 Pin=L2-1
Added Pin To Net: NetName=zeroReg2 Pin=L2-2
Added Pin To Net: NetName=NetL3_1 Pin=L3-1
Added Pin To Net: NetName=zeroReg3 Pin=L3-2
Added Pin To Net: NetName=NetL4_1 Pin=L4-1
Added Pin To Net: NetName=zeroReg4 Pin=L4-2
Added Pin To Net: NetName=GND Pin=P1-1
Added Pin To Net: NetName=Vpp Pin=P1-2
Added Pin To Net: NetName=GND Pin=P2-1
Added Pin To Net: NetName=SWDCLK Pin=P2-2
Added Pin To Net: NetName=SWDIO Pin=P2-3
Added Pin To Net: NetName=V3.3 Pin=P2-4
Added Pin To Net: NetName=NetP3_1 Pin=P3-1
Added Pin To Net: NetName=V3.3 Pin=P3-2
Added Pin To Net: NetName=dispRES Pin=P4-1
Added Pin To Net: NetName=CE Pin=P4-2
Added Pin To Net: NetName=DC Pin=P4-3
Added Pin To Net: NetName=DIN Pin=P4-4
Added Pin To Net: NetName=CLK Pin=P4-5
Added Pin To Net: NetName=V3.3 Pin=P4-6
Added Pin To Net: NetName=Light Pin=P4-7
Added Pin To Net: NetName=GND Pin=P4-8
Added Pin To Net: NetName=dispRES Pin=P6-1
Added Pin To Net: NetName=CE Pin=P6-2
Added Pin To Net: NetName=DC Pin=P6-3
Added Pin To Net: NetName=DIN Pin=P6-4
Added Pin To Net: NetName=CLK Pin=P6-5
Added Pin To Net: NetName=V3.3 Pin=P6-6
Added Pin To Net: NetName=Light Pin=P6-7
Added Pin To Net: NetName=GND Pin=P6-8
Added Pin To Net: NetName=NetR1_1 Pin=R1-1
Added Pin To Net: NetName=NetR1_2 Pin=R1-2
Added Pin To Net: NetName=NetC10_2 Pin=R2-1
Added Pin To Net: NetName=NetR2_2 Pin=R2-2
Added Pin To Net: NetName=NetR3_1 Pin=R3-1
Added Pin To Net: NetName=NetR3_2 Pin=R3-2
Added Pin To Net: NetName=NetC9_2 Pin=R4-1
Added Pin To Net: NetName=NetR4_2 Pin=R4-2
Added Pin To Net: NetName=NetR5_1 Pin=R5-1
Added Pin To Net: NetName=NetR5_2 Pin=R5-2
Added Pin To Net: NetName=NetC12_2 Pin=R6-1
Added Pin To Net: NetName=NetR6_2 Pin=R6-2
Added Pin To Net: NetName=NetR7_1 Pin=R7-1
Added Pin To Net: NetName=NetR7_2 Pin=R7-2
Added Pin To Net: NetName=NetC11_2 Pin=R8-1
Added Pin To Net: NetName=NetR8_2 Pin=R8-2
Added Pin To Net: NetName=NetC9_1 Pin=R9-1
Added Pin To Net: NetName=NetC9_2 Pin=R9-2
Added Pin To Net: NetName=NetC10_1 Pin=R10-1
Added Pin To Net: NetName=NetC10_2 Pin=R10-2
Added Pin To Net: NetName=NetC11_1 Pin=R11-1
Added Pin To Net: NetName=NetC11_2 Pin=R11-2
Added Pin To Net: NetName=NetC12_1 Pin=R12-1
Added Pin To Net: NetName=NetC12_2 Pin=R12-2
Added Pin To Net: NetName=NetR13_1 Pin=R13-1
Added Pin To Net: NetName=NetL1_1 Pin=R13-2
Added Pin To Net: NetName=NetR14_1 Pin=R14-1
Added Pin To Net: NetName=NetL2_1 Pin=R14-2
Added Pin To Net: NetName=NetR15_1 Pin=R15-1
Added Pin To Net: NetName=NetL3_1 Pin=R15-2
Added Pin To Net: NetName=NetR16_1 Pin=R16-1
Added Pin To Net: NetName=NetL4_1 Pin=R16-2
Added Pin To Net: NetName=zeroReg1 Pin=R17-1
Added Pin To Net: NetName=NetR1_1 Pin=R17-2
Added Pin To Net: NetName=zeroReg2 Pin=R18-1
Added Pin To Net: NetName=NetR3_1 Pin=R18-2
Added Pin To Net: NetName=zeroReg3 Pin=R19-1
Added Pin To Net: NetName=NetR5_1 Pin=R19-2
Added Pin To Net: NetName=NetR7_1 Pin=R20-1
Added Pin To Net: NetName=zeroReg4 Pin=R20-2
Added Pin To Net: NetName=NetC17_2 Pin=R21-1
Added Pin To Net: NetName=V3.3 Pin=R21-2
Added Pin To Net: NetName=GND Pin=R22-1
Added Pin To Net: NetName=NetP3_1 Pin=R22-2
Added Pin To Net: NetName=GND Pin=SW1-1
Added Pin To Net: NetName=GND Pin=SW1-2
Added Pin To Net: NetName=NetC18_2 Pin=SW1-3
Added Pin To Net: NetName=NetC18_2 Pin=SW1-4
Added Pin To Net: NetName=GND Pin=SW2-1
Added Pin To Net: NetName=GND Pin=SW2-2
Added Pin To Net: NetName=NetSW2_3 Pin=SW2-3
Added Pin To Net: NetName=NetSW2_3 Pin=SW2-4
Added Pin To Net: NetName=GND Pin=SW3-1
Added Pin To Net: NetName=GND Pin=SW3-2
Added Pin To Net: NetName=NetSW3_3 Pin=SW3-3
Added Pin To Net: NetName=NetSW3_3 Pin=SW3-4
Added Pin To Net: NetName=GND Pin=SW4-1
Added Pin To Net: NetName=GND Pin=SW4-2
Added Pin To Net: NetName=NetC19_2 Pin=SW4-3
Added Pin To Net: NetName=NetC19_2 Pin=SW4-4
Added Pin To Net: NetName=GND Pin=SW5-1
Added Pin To Net: NetName=GND Pin=SW5-2
Added Pin To Net: NetName=NetC21_2 Pin=SW5-3
Added Pin To Net: NetName=NetC21_2 Pin=SW5-4
Added Pin To Net: NetName=NetC17_2 Pin=SW6-1
Added Pin To Net: NetName=NetC17_2 Pin=SW6-2
Added Pin To Net: NetName=GND Pin=SW6-3
Added Pin To Net: NetName=GND Pin=SW6-4
Added Pin To Net: NetName=GND Pin=U1-1
Added Pin To Net: NetName=V3.3 Pin=U1-2
Added Pin To Net: NetName=Vpp Pin=U1-3
Added Pin To Net: NetName=NetR1_2 Pin=U2-1
Added Pin To Net: NetName=NetR1_2 Pin=U2-2
Added Pin To Net: NetName=V3.3 Pin=U2-4
Added Pin To Net: NetName=NetJ1_1 Pin=U2-5
Added Pin To Net: NetName=NetR2_2 Pin=U2-6
Added Pin To Net: NetName=NetR2_2 Pin=U2-7
Added Pin To Net: NetName=NetR3_2 Pin=U2-8
Added Pin To Net: NetName=NetR3_2 Pin=U2-9
Added Pin To Net: NetName=GND Pin=U2-11
Added Pin To Net: NetName=NetJ3_1 Pin=U2-12
Added Pin To Net: NetName=NetR4_2 Pin=U2-13
Added Pin To Net: NetName=NetR4_2 Pin=U2-14
Added Pin To Net: NetName=NetR5_2 Pin=U3-1
Added Pin To Net: NetName=NetR5_2 Pin=U3-2
Added Pin To Net: NetName=V3.3 Pin=U3-4
Added Pin To Net: NetName=NetJ5_1 Pin=U3-5
Added Pin To Net: NetName=NetR6_2 Pin=U3-6
Added Pin To Net: NetName=NetR6_2 Pin=U3-7
Added Pin To Net: NetName=NetR7_2 Pin=U3-8
Added Pin To Net: NetName=NetR7_2 Pin=U3-9
Added Pin To Net: NetName=GND Pin=U3-11
Added Pin To Net: NetName=NetJ7_1 Pin=U3-12
Added Pin To Net: NetName=NetR8_2 Pin=U3-13
Added Pin To Net: NetName=NetR8_2 Pin=U3-14
Added Pin To Net: NetName=NetC10_1 Pin=U4-1
Added Pin To Net: NetName=NetC10_2 Pin=U4-2
Added Pin To Net: NetName=NetR1_1 Pin=U4-3
Added Pin To Net: NetName=V3.3 Pin=U4-4
Added Pin To Net: NetName=NetR3_1 Pin=U4-5
Added Pin To Net: NetName=NetC9_2 Pin=U4-6
Added Pin To Net: NetName=NetC9_1 Pin=U4-7
Added Pin To Net: NetName=NetC12_1 Pin=U4-8
Added Pin To Net: NetName=NetC12_2 Pin=U4-9
Added Pin To Net: NetName=NetR5_1 Pin=U4-10
Added Pin To Net: NetName=GND Pin=U4-11
Added Pin To Net: NetName=NetR7_1 Pin=U4-12
Added Pin To Net: NetName=NetC11_2 Pin=U4-13
Added Pin To Net: NetName=NetC11_1 Pin=U4-14
Added Pin To Net: NetName=NetC8_2 Pin=U5-5
Added Pin To Net: NetName=NetC7_2 Pin=U5-6
Added Pin To Net: NetName=NetC17_2 Pin=U5-7
Added Pin To Net: NetName=GND Pin=U5-8
Added Pin To Net: NetName=V3.3 Pin=U5-9
Added Pin To Net: NetName=NetC10_1 Pin=U5-10
Added Pin To Net: NetName=NetC9_1 Pin=U5-11
Added Pin To Net: NetName=NetC12_1 Pin=U5-12
Added Pin To Net: NetName=NetC11_1 Pin=U5-13
Added Pin To Net: NetName=Light Pin=U5-18
Added Pin To Net: NetName=DC Pin=U5-19
Added Pin To Net: NetName=dispRES Pin=U5-20
Added Pin To Net: NetName=GND Pin=U5-23
Added Pin To Net: NetName=V3.3 Pin=U5-24
Added Pin To Net: NetName=NetC18_2 Pin=U5-30
Added Pin To Net: NetName=NetSW2_3 Pin=U5-31
Added Pin To Net: NetName=NetSW3_3 Pin=U5-32
Added Pin To Net: NetName=NetC19_2 Pin=U5-33
Added Pin To Net: NetName=SWDIO Pin=U5-34
Added Pin To Net: NetName=GND Pin=U5-35
Added Pin To Net: NetName=V3.3 Pin=U5-36
Added Pin To Net: NetName=SWDCLK Pin=U5-37
Added Pin To Net: NetName=NetC21_2 Pin=U5-38
Added Pin To Net: NetName=CLK Pin=U5-39
Added Pin To Net: NetName=CE Pin=U5-40
Added Pin To Net: NetName=DIN Pin=U5-41
Added Pin To Net: NetName=NetR13_1 Pin=U5-42
Added Pin To Net: NetName=NetR14_1 Pin=U5-43
Added Pin To Net: NetName=NetP3_1 Pin=U5-44
Added Pin To Net: NetName=NetR15_1 Pin=U5-45
Added Pin To Net: NetName=NetR16_1 Pin=U5-46
Added Pin To Net: NetName=GND Pin=U5-47
Added Pin To Net: NetName=V3.3 Pin=U5-48
Added Pin To Net: NetName=NetC7_2 Pin=X1-P$1
Added Pin To Net: NetName=NetC8_2 Pin=X1-P$2
Added Pin To Net: NetName=NetJ2_1 Pin=J2-1
Added Pin To Net: NetName=NetJ2_1 Pin=U2-3
Added Net: Name=NetJ2_1
Added Pin To Net: NetName=NetJ4_1 Pin=J4-1
Added Pin To Net: NetName=NetJ4_1 Pin=U2-10
Added Net: Name=NetJ4_1
Added Pin To Net: NetName=NetJ6_1 Pin=J6-1
Added Pin To Net: NetName=NetJ6_1 Pin=U3-3
Added Net: Name=NetJ6_1
Added Pin To Net: NetName=NetJ8_1 Pin=J8-1
Added Pin To Net: NetName=NetJ8_1 Pin=U3-10
Added Net: Name=NetJ8_1
Added Member To Class: ClassName=schematic Member=Component C1 Cap Semi
Added Member To Class: ClassName=schematic Member=Component C2 Cap Semi
Added Member To Class: ClassName=schematic Member=Component C3 Cap Semi
Added Member To Class: ClassName=schematic Member=Component C4 Cap Semi
Added Member To Class: ClassName=schematic Member=Component C5 Cap Semi
Added Member To Class: ClassName=schematic Member=Component C6 Cap Semi
Added Member To Class: ClassName=schematic Member=Component C7 Cap Semi
Added Member To Class: ClassName=schematic Member=Component C8 Cap Semi
Added Member To Class: ClassName=schematic Member=Component C9 Cap Semi
Added Member To Class: ClassName=schematic Member=Component C10 Cap Semi
Added Member To Class: ClassName=schematic Member=Component C11 Cap Semi
Added Member To Class: ClassName=schematic Member=Component C12 Cap Semi
Added Member To Class: ClassName=schematic Member=Component C13 Cap Semi
Added Member To Class: ClassName=schematic Member=Component C14 Cap Semi
Added Member To Class: ClassName=schematic Member=Component C15 Cap Semi
Added Member To Class: ClassName=schematic Member=Component C16 Cap Semi
Added Member To Class: ClassName=schematic Member=Component C17 Cap Semi
Added Member To Class: ClassName=schematic Member=Component C18 Cap Semi
Added Member To Class: ClassName=schematic Member=Component C19 Cap Semi
Added Member To Class: ClassName=schematic Member=Component C20 Cap Semi
Added Member To Class: ClassName=schematic Member=Component C21 Cap Semi
Added Member To Class: ClassName=schematic Member=Component J1 SAMTEC-A-TSM-102-01-L-SHJ
Added Member To Class: ClassName=schematic Member=Component J2 SAMTEC-A-TSM-102-01-L-SHJ
Added Member To Class: ClassName=schematic Member=Component J3 SAMTEC-A-TSM-102-01-L-SHJ
Added Member To Class: ClassName=schematic Member=Component J4 SAMTEC-A-TSM-102-01-L-SHJ
Added Member To Class: ClassName=schematic Member=Component J5 SAMTEC-A-TSM-102-01-L-SHJ
Added Member To Class: ClassName=schematic Member=Component J6 SAMTEC-A-TSM-102-01-L-SHJ
Added Member To Class: ClassName=schematic Member=Component J7 SAMTEC-A-TSM-102-01-L-SHJ
Added Member To Class: ClassName=schematic Member=Component J8 SAMTEC-A-TSM-102-01-L-SHJ
Added Member To Class: ClassName=schematic Member=Component L1 Inductor
Added Member To Class: ClassName=schematic Member=Component L2 Inductor
Added Member To Class: ClassName=schematic Member=Component L3 Inductor
Added Member To Class: ClassName=schematic Member=Component L4 Inductor
Added Member To Class: ClassName=schematic Member=Component P1 BatteryCon
Added Member To Class: ClassName=schematic Member=Component P2 Debug
Added Member To Class: ClassName=schematic Member=Component P3 Header 2H
Added Member To Class: ClassName=schematic Member=Component P4 DisplayPort
Added Member To Class: ClassName=schematic Member=Component P6 DisplayPort
Added Member To Class: ClassName=schematic Member=Component R1 Res3
Added Member To Class: ClassName=schematic Member=Component R2 Res3
Added Member To Class: ClassName=schematic Member=Component R3 Res3
Added Member To Class: ClassName=schematic Member=Component R4 Res3
Added Member To Class: ClassName=schematic Member=Component R5 Res3
Added Member To Class: ClassName=schematic Member=Component R6 Res3
Added Member To Class: ClassName=schematic Member=Component R7 Res3
Added Member To Class: ClassName=schematic Member=Component R8 Res3
Added Member To Class: ClassName=schematic Member=Component R9 Res3
Added Member To Class: ClassName=schematic Member=Component R10 Res3
Added Member To Class: ClassName=schematic Member=Component R11 Res3
Added Member To Class: ClassName=schematic Member=Component R12 Res3
Added Member To Class: ClassName=schematic Member=Component R13 Res3
Added Member To Class: ClassName=schematic Member=Component R14 Res3
Added Member To Class: ClassName=schematic Member=Component R15 Res3
Added Member To Class: ClassName=schematic Member=Component R16 Res3
Added Member To Class: ClassName=schematic Member=Component R17 Res3
Added Member To Class: ClassName=schematic Member=Component R18 Res3
Added Member To Class: ClassName=schematic Member=Component R19 Res3
Added Member To Class: ClassName=schematic Member=Component R20 Res3
Added Member To Class: ClassName=schematic Member=Component R21 Res3
Added Member To Class: ClassName=schematic Member=Component R22 Res3
Added Member To Class: ClassName=schematic Member=Component SW1 Up
Added Member To Class: ClassName=schematic Member=Component SW2 Enter
Added Member To Class: ClassName=schematic Member=Component SW3 Down
Added Member To Class: ClassName=schematic Member=Component SW4 Left
Added Member To Class: ClassName=schematic Member=Component SW5 Right
Added Member To Class: ClassName=schematic Member=Component SW6 Reset
Added Member To Class: ClassName=schematic Member=Component U1 AMS1117-3.3
Added Member To Class: ClassName=schematic Member=Component U2 LM324AD
Added Member To Class: ClassName=schematic Member=Component U3 LM324AD
Added Member To Class: ClassName=schematic Member=Component U4 LM324AD
Added Member To Class: ClassName=schematic Member=Component U5 STM32F103C8T6
Added Member To Class: ClassName=schematic Member=Component X1 ABLS-8.000MHZ-B4-T
