Removed Pin From Net: NetName=GND Pin=J1-2
Removed Pin From Net: NetName=V3.3 Pin=J2-2
Removed Pin From Net: NetName=GND Pin=J3-2
Removed Pin From Net: NetName=V3.3 Pin=J4-2
Removed Pin From Net: NetName=GND Pin=J5-2
Removed Pin From Net: NetName=V3.3 Pin=J6-2
Removed Pin From Net: NetName=GND Pin=J7-2
Removed Pin From Net: NetName=V3.3 Pin=J8-2
Removed Pin From Net: NetName=Light Pin=U5-18
Removed Member From Class: ClassName=schematic Member=J1
Removed Member From Class: ClassName=schematic Member=J2
Removed Member From Class: ClassName=schematic Member=J3
Removed Member From Class: ClassName=schematic Member=J4
Removed Member From Class: ClassName=schematic Member=J5
Removed Member From Class: ClassName=schematic Member=J6
Removed Member From Class: ClassName=schematic Member=J7
Removed Member From Class: ClassName=schematic Member=J8
Added Component: Designator=P7(ConnFoot)
Added Component: Designator=P8(ConnFoot)
Added Component: Designator=P9(ConnFoot)
Added Component: Designator=P10(ConnFoot)
Added Component: Designator=Q(SOT95P237X112-3N)
Add component (AddParameter): Name = "Availability"; Value = "Unavailable"; VariantName = "[No Variations]"
Add component (AddParameter): Name = "MF"; Value = "Infineon Technologies"; VariantName = "[No Variations]"
Add component (AddParameter): Name = "MP"; Value = "IRLML0030TRPBF"; VariantName = "[No Variations]"
Add component (AddParameter): Name = "Package"; Value = "SOT-23 International Rectifier"; VariantName = "[No Variations]"
Add component (AddParameter): Name = "Price"; Value = "None"; VariantName = "[No Variations]"
Add component (AddParameter): Name = "SnapEDA_Link"; Value = "https://www.snapeda.com/parts/IRLML0030TRPBF/Infineon%20Technologies/view-part/246217/?ref=snap"; VariantName = "[No Variations]"
Add component (AddParameter): Name = "Value"; Value = ""; VariantName = "[No Variations]"
Added Component: Designator=R21(14-1210)
Add component (AddParameter): Name = "LatestRevisionDate"; Value = "29-May-2009"; VariantName = "[No Variations]"
Add component (AddParameter): Name = "LatestRevisionNote"; Value = "IPC-7351 Footprint Added."; VariantName = "[No Variations]"
Add component (AddParameter): Name = "PackageDescription"; Value = "Chip Resistor"; VariantName = "[No Variations]"
Add component (AddParameter): Name = "PackageReference"; Value = "J1-0603"; VariantName = "[No Variations]"
Add component (AddParameter): Name = "Published"; Value = "8-Jun-2000"; VariantName = "[No Variations]"
Add component (AddParameter): Name = "Publisher"; Value = "Altium Limited"; VariantName = "[No Variations]"
Add component (AddParameter): Name = "Value"; Value = "10"; VariantName = "[No Variations]"
Added Pin To Net: NetName=V3.3 Pin=P7-2
Added Pin To Net: NetName=GND Pin=P7-3
Added Pin To Net: NetName=V3.3 Pin=P8-2
Added Pin To Net: NetName=GND Pin=P8-3
Added Pin To Net: NetName=V3.3 Pin=P9-2
Added Pin To Net: NetName=GND Pin=P9-3
Added Pin To Net: NetName=V3.3 Pin=P10-2
Added Pin To Net: NetName=GND Pin=P10-3
Added Pin To Net: NetName=GND Pin=Q-2
Added Pin To Net: NetName=Light Pin=Q-3
Added Pin To Net: NetName=GND Pin=R21-1
Added Pin To Net: NetName=NetP7_1 Pin=P7-1
Added Pin To Net: NetName=NetP7_1 Pin=U2-3
Added Net: Name=NetP7_1
Added Pin To Net: NetName=NetP7_4 Pin=P7-4
Added Pin To Net: NetName=NetP7_4 Pin=U2-5
Added Net: Name=NetP7_4
Added Pin To Net: NetName=NetP8_1 Pin=P8-1
Added Pin To Net: NetName=NetP8_1 Pin=U2-10
Added Net: Name=NetP8_1
Added Pin To Net: NetName=NetP8_4 Pin=P8-4
Added Pin To Net: NetName=NetP8_4 Pin=U2-12
Added Net: Name=NetP8_4
Added Pin To Net: NetName=NetP9_1 Pin=P9-1
Added Pin To Net: NetName=NetP9_1 Pin=U3-3
Added Net: Name=NetP9_1
Added Pin To Net: NetName=NetP9_4 Pin=P9-4
Added Pin To Net: NetName=NetP9_4 Pin=U3-5
Added Net: Name=NetP9_4
Added Pin To Net: NetName=NetP10_1 Pin=P10-1
Added Pin To Net: NetName=NetP10_1 Pin=U3-10
Added Net: Name=NetP10_1
Added Pin To Net: NetName=NetP10_4 Pin=P10-4
Added Pin To Net: NetName=NetP10_4 Pin=U3-12
Added Net: Name=NetP10_4
Added Pin To Net: NetName=NetQ_1 Pin=Q-1
Added Pin To Net: NetName=NetQ_1 Pin=R21-2
Added Pin To Net: NetName=NetQ_1 Pin=U5-18
Added Net: Name=NetQ_1
Change Class Name : Old Net Name=schematic New Net Name=control
Added Member To Class: ClassName=control Member=Component P6 DisplayPort
Added Member To Class: ClassName=control Member=Component P7 Conn
Added Member To Class: ClassName=control Member=Component P8 Conn
Added Member To Class: ClassName=control Member=Component P9 Conn
Added Member To Class: ClassName=control Member=Component P10 Conn
Added Member To Class: ClassName=control Member=Component Q IRLML0030TRPBF
Added Member To Class: ClassName=control Member=Component R21 Res3
Change Room Name: Old Name=schematic New Name=control
Change Room Scope: Old Scope=InComponentClass('schematic') New Scope=InComponentClass('control')
