Removed Pin From Net: NetName=NetP1_1 Pin=PDE1-1
Removed Pin From Net: NetName=NetP2_2 Pin=PDE1-2
Removed Pin From Net: NetName=NetP2_1 Pin=PDE1-3
Removed Pin From Net: NetName=NetP1_2 Pin=PDE1-5
Removed Pin From Net: NetName=NetP1_1 Pin=PDE1-6
Removed Pin From Net: NetName=NetP3_1 Pin=PDE2-1
Removed Pin From Net: NetName=NetP4_2 Pin=PDE2-2
Removed Pin From Net: NetName=NetP4_1 Pin=PDE2-3
Removed Pin From Net: NetName=NetP3_2 Pin=PDE2-5
Removed Pin From Net: NetName=NetP3_1 Pin=PDE2-6
Removed Member From Class: ClassName=sensorPlate Member=P5
Removed Member From Class: ClassName=sensorPlate Member=P6
Removed Member From Class: ClassName=sensorPlate Member=P8
Change Component Footprint: Designator=P1 Old Footprint=HDR1X2 New Footprint=HDR2X2
Change Component Footprint: Designator=P2 Old Footprint=HDR1X2 New Footprint=HDR2X2
Change Component Footprint: Designator=P3 Old Footprint=HDR1X2 New Footprint=HDR2X2
Change Component Footprint: Designator=P4 Old Footprint=HDR1X2 New Footprint=HDR2X2
Change Component Comment : Designator=P1 Old Comment=Header 2 New Comment=Header 2X2
Change Component Comment : Designator=P2 Old Comment=Header 2 New Comment=Header 2X2
Change Component Comment : Designator=P3 Old Comment=Header 2 New Comment=Header 2X2
Change Component Comment : Designator=P4 Old Comment=Header 2 New Comment=Header 2X2
Added Pin To Net: NetName=NetP1_2 Pin=PDE1-1
Added Pin To Net: NetName=NetP1_1 Pin=PDE1-5
Added Pin To Net: NetName=NetP1_2 Pin=PDE1-6
Added Pin To Net: NetName=NetP2_2 Pin=PDE2-1
Added Pin To Net: NetName=NetP2_1 Pin=PDE2-5
Added Pin To Net: NetName=NetP2_2 Pin=PDE2-6
Added Pin To Net: NetName=NetP3_2 Pin=PDE3-1
Added Pin To Net: NetName=NetP3_1 Pin=PDE3-5
Added Pin To Net: NetName=NetP3_2 Pin=PDE3-6
Added Pin To Net: NetName=NetP4_2 Pin=PDE4-1
Added Pin To Net: NetName=NetP4_1 Pin=PDE4-5
Added Pin To Net: NetName=NetP4_2 Pin=PDE4-6
Added Pin To Net: NetName=NetP1_3 Pin=P1-3
Added Pin To Net: NetName=NetP1_3 Pin=PDE1-3
Added Net: Name=NetP1_3
Added Pin To Net: NetName=NetP1_4 Pin=P1-4
Added Pin To Net: NetName=NetP1_4 Pin=PDE1-2
Added Net: Name=NetP1_4
Added Pin To Net: NetName=NetP2_3 Pin=P2-3
Added Pin To Net: NetName=NetP2_3 Pin=PDE2-3
Added Net: Name=NetP2_3
Added Pin To Net: NetName=NetP2_4 Pin=P2-4
Added Pin To Net: NetName=NetP2_4 Pin=PDE2-2
Added Net: Name=NetP2_4
Added Pin To Net: NetName=NetP3_3 Pin=P3-3
Added Pin To Net: NetName=NetP3_3 Pin=PDE3-3
Added Net: Name=NetP3_3
Added Pin To Net: NetName=NetP3_4 Pin=P3-4
Added Pin To Net: NetName=NetP3_4 Pin=PDE3-2
Added Net: Name=NetP3_4
Added Pin To Net: NetName=NetP4_3 Pin=P4-3
Added Pin To Net: NetName=NetP4_3 Pin=PDE4-3
Added Net: Name=NetP4_3
Added Pin To Net: NetName=NetP4_4 Pin=P4-4
Added Pin To Net: NetName=NetP4_4 Pin=PDE4-2
Added Net: Name=NetP4_4
